This file contains any messages produced by compilers while
running configure, to aid debugging if configure makes a mistake.

configure:555: checking host system type
configure:577: checking host specific optimization flag
configure:593: checking for gcc
configure:706: checking whether the C compiler (gcc  ) works
configure:722: gcc -o conftest    conftest.c  1>&5
configure:719:1: warning: type specifier missing, defaults to 'int' [-Wimplicit-int]
main(){return(0);}
^
1 warning generated.
configure:748: checking whether the C compiler (gcc  ) is a cross-compiler
configure:753: checking whether we are using GNU C
configure:762: gcc -E conftest.c
configure:781: checking whether gcc accepts -g
configure:813: checking how to run the C preprocessor
configure:834: gcc -E  conftest.c >/dev/null 2>conftest.out
configure:904: checking for a BSD compatible install
configure:959: checking for rm
configure:992: checking for Cygwin environment
configure:1008: gcc -c -g -O2  conftest.c 1>&5
configure:1004:8: error: use of undeclared identifier '__CYGWIN32__'
return __CYGWIN__;
       ^
configure:1002:20: note: expanded from macro '__CYGWIN__'
#define __CYGWIN__ __CYGWIN32__
                   ^
1 error generated.
configure: failed program was:
#line 997 "configure"
#include "confdefs.h"

int main() {

#ifndef __CYGWIN__
#define __CYGWIN__ __CYGWIN32__
#endif
return __CYGWIN__;
; return 0; }
configure:1025: checking for mingw32 environment
configure:1037: gcc -c -g -O2  conftest.c 1>&5
configure:1033:8: error: use of undeclared identifier '__MINGW32__'
return __MINGW32__;
       ^
1 error generated.
configure: failed program was:
#line 1030 "configure"
#include "confdefs.h"

int main() {
return __MINGW32__;
; return 0; }
configure:1056: checking for executable suffix
configure:1066: gcc -o conftest -g -O2   conftest.c  1>&5
