This file contains any messages produced by compilers while
running configure, to aid debugging if configure makes a mistake.

configure:731: checking host system type
configure:753: checking host specific optimization flag
configure:769: checking for gcc
configure:882: checking whether the C compiler (gcc  ) works
configure:898: gcc -o conftest    conftest.c  1>&5
configure:895:1: warning: type specifier missing, defaults to 'int' [-Wimplicit-int]
main(){return(0);}
^
1 warning generated.
configure:924: checking whether the C compiler (gcc  ) is a cross-compiler
configure:929: checking whether we are using GNU C
configure:957: checking whether gcc accepts -g
configure:989: checking how to run the C preprocessor
configure:1081: checking for a BSD compatible install
configure:1136: checking for rm
configure:1171: checking for ar
configure:1206: checking for ranlib
configure:1234: checking for Cygwin environment
configure:1267: checking for mingw32 environment
configure:1298: checking for executable suffix
configure:1336: checking for ANSI C header files
configure:1443: checking for unistd.h
configure:1453: gcc -E  conftest.c >/dev/null 2>conftest.out
configure:1481: checking whether byte ordering is bigendian
configure:1499: gcc -c -g -O2  conftest.c 1>&5
configure:1514: gcc -c -g -O2  conftest.c 1>&5
configure:1509:2: error: use of undeclared identifier 'not'
 not big endian
 ^
1 error generated.
configure: failed program was:
#line 1503 "configure"
#include "confdefs.h"
#include <sys/types.h>
#include <sys/param.h>
int main() {

#if BYTE_ORDER != BIG_ENDIAN
 not big endian
#endif
; return 0; }
configure:1571: checking for working const
configure:1646: checking for socklen_t
configure:1657: gcc -c -g -O2  conftest.c 1>&5
configure:1673: checking for gethostbyname
configure:1768: checking for connect
configure:1895: checking for strcasecmp
configure:1923: gcc -o conftest.dSYM -g -O2   conftest.c  1>&5
configure:1907:6: warning: incompatible redeclaration of library function 'strcasecmp' [-Wincompatible-library-redeclaration]
char strcasecmp();
     ^
configure:1907:6: note: 'strcasecmp' is a builtin with type 'int (const char *, const char *)'
1 warning generated.
configure:1950: checking for sleep
configure:1978: gcc -o conftest.dSYM -g -O2   conftest.c  1>&5
configure:2016: checking for alsa/asoundlib.h
configure:2026: gcc -E  conftest.c >/dev/null 2>conftest.out
configure:2022:10: fatal error: 'alsa/asoundlib.h' file not found
#include <alsa/asoundlib.h>
         ^~~~~~~~~~~~~~~~~~
1 error generated.
configure: failed program was:
#line 2021 "configure"
#include "confdefs.h"
#include <alsa/asoundlib.h>
configure:2053: checking for sys/asoundlib.h
configure:2063: gcc -E  conftest.c >/dev/null 2>conftest.out
configure:2059:10: fatal error: 'sys/asoundlib.h' file not found
#include <sys/asoundlib.h>
         ^~~~~~~~~~~~~~~~~
1 error generated.
configure: failed program was:
#line 2058 "configure"
#include "confdefs.h"
#include <sys/asoundlib.h>
configure:2100: checking for sys/soundcard.h
configure:2110: gcc -E  conftest.c >/dev/null 2>conftest.out
configure:2106:10: fatal error: 'sys/soundcard.h' file not found
#include <sys/soundcard.h>
         ^~~~~~~~~~~~~~~~~
1 error generated.
configure: failed program was:
#line 2105 "configure"
#include "confdefs.h"
#include <sys/soundcard.h>
configure:2137: checking for machine/soundcard.h
configure:2147: gcc -E  conftest.c >/dev/null 2>conftest.out
configure:2143:10: fatal error: 'machine/soundcard.h' file not found
#include <machine/soundcard.h>
         ^~~~~~~~~~~~~~~~~~~~~
1 error generated.
configure: failed program was:
#line 2142 "configure"
#include "confdefs.h"
#include <machine/soundcard.h>
configure:2187: checking for esd.h
configure:2197: gcc -E  conftest.c >/dev/null 2>conftest.out
configure:2193:10: fatal error: 'esd.h' file not found
#include <esd.h>
         ^~~~~~~
1 error generated.
configure: failed program was:
#line 2192 "configure"
#include "confdefs.h"
#include <esd.h>
configure:2228: checking for pa_simple_new in -lpulse-simple
configure:2247: gcc -o conftest.dSYM -g -O2   conftest.c -lpulse-simple   1>&5
ld: library not found for -lpulse-simple
clang: error: linker command failed with exit code 1 (use -v to see invocation)
configure: failed program was:
#line 2236 "configure"
#include "confdefs.h"
/* Override any gcc2 internal prototype to avoid an error.  */
/* We use char because int might match the return type of a gcc2
    builtin and then its argument prototype would still apply.  */
char pa_simple_new();

int main() {
pa_simple_new()
; return 0; }
configure:2309: checking for default input device type
configure:2344: gcc -E  conftest.c >/dev/null 2>conftest.out
configure:2976: checking for DatLink/NetAudio support
configure:2990: gcc -E  -Iauto/include conftest.c >/dev/null 2>conftest.out
configure:2986:10: fatal error: 'netaudio.h' file not found
#include <netaudio.h>
         ^~~~~~~~~~~~
1 error generated.
configure: failed program was:
#line 2985 "configure"
#include "confdefs.h"
#include <netaudio.h>
configure:3016: checking for deflate in -lz
configure:3035: gcc -o conftest.dSYM -g -O2   conftest.c -lz   1>&5
configure:3054: checking for zlib.h
configure:3064: gcc -E  conftest.c >/dev/null 2>conftest.out
configure:3156: checking for sf_open in -lsndfile
configure:3175: gcc -o conftest.dSYM -g -O2   conftest.c -lsndfile   1>&5
ld: library not found for -lsndfile
clang: error: linker command failed with exit code 1 (use -v to see invocation)
configure: failed program was:
#line 3164 "configure"
#include "confdefs.h"
/* Override any gcc2 internal prototype to avoid an error.  */
/* We use char because int might match the return type of a gcc2
    builtin and then its argument prototype would still apply.  */
char sf_open();

int main() {
sf_open()
; return 0; }
configure:3246: checking for sf_open_read in -lsndfile
configure:3265: gcc -o conftest.dSYM -g -O2   conftest.c -lsndfile   1>&5
ld: library not found for -lsndfile
clang: error: linker command failed with exit code 1 (use -v to see invocation)
configure: failed program was:
#line 3254 "configure"
#include "confdefs.h"
/* Override any gcc2 internal prototype to avoid an error.  */
/* We use char because int might match the return type of a gcc2
    builtin and then its argument prototype would still apply.  */
char sf_open_read();

int main() {
sf_open_read()
; return 0; }
